<?xml version="1.0" encoding="UTF-8" standalone="no"?><!--  Generated by org.testng.reporters.JUnitXMLReporter  --><testsuite errors="0" failures="2" hostname="USHYDMMEDAVARA3" ignored="0" name="Test" tests="3" time="50.0" timestamp="06 Jun 2018 12:24:00 GMT"><testcase classname="TC_01 validating url redirects" name="test" time="1"/><testcase classname="TC_02validating url redirects" name="test" time="19"><failure message="Failed to execute2" type="java.lang.AssertionError">&lt;![CDATA[java.lang.AssertionError: Failed to execute2 org.sample.AppTest.test1(AppTest.java:50)... Removed 28 stack frames]]&gt;</failure></testcase><testcase classname="TC_03 validating url redirects" name="test" time="30"><failure message="Failed to execute 3" type="java.lang.AssertionError">&lt;![CDATA[java.lang.AssertionError: Failed to execute 3 org.sample.AppTest.test1(AppTest.java:50)... Removed 28 stack frames]]&gt;</failure></testcase></testsuite>