<?xml version="1.0" encoding="UTF-8"?>
<!-- Generated by org.testng.reporters.JUnitXMLReporter -->
<testsuite hostname="USHYDMMEDAVARA3" ignored="0" name="Test" tests="3" failures="3" timestamp="28 Mar 2018 06:16:20 GMT" time="45.958" errors="0">
  <testcase name="test1" time="23.415" classname="org.sample.AppTest">
    <failure type="java.lang.AssertionError" message="Unable to verify test expected [false] but found [true]">
      <![CDATA[java.lang.AssertionError: Unable to verify test expected [false] but found [true]
	at org.sample.AppTest.test1(AppTest.java:50)
... Removed 28 stack frames]]>
    </failure>
  </testcase> <!-- test1 -->
  <testcase name="test2" time="6.824" classname="org.sample.AppTest">
    <failure type="java.lang.AssertionError" message="Unable to verify test expected [false] but found [true]">
      <![CDATA[java.lang.AssertionError: Unable to verify test expected [false] but found [true]
	at org.sample.AppTest.test2(AppTest.java:61)
... Removed 28 stack frames]]>
    </failure>
  </testcase> <!-- test2 -->
  <testcase name="test3" time="6.54" classname="org.sample.AppTest">
    <failure type="java.lang.AssertionError" message="Unable to verify test expected [false] but found [true]">
      <![CDATA[java.lang.AssertionError: Unable to verify test expected [false] but found [true]
	at org.sample.AppTest.test3(AppTest.java:29)
... Removed 28 stack frames]]>
    </failure>
  </testcase> <!-- test3 -->
</testsuite> <!-- Test -->
